[2025-04-24 22:43:22] Starting S3 prefix balancing
[2025-04-24 22:43:22] Source: s3://mynextcloudstore/myimages2
[2025-04-24 22:43:22] Target: s3://mynextcloudstore/myimages2_optimized
[2025-04-24 22:43:22] Using 32 parallel jobs
[2025-04-24 22:43:22] Listing objects in S3 bucket: mynextcloudstore with prefix: myimages2
[2025-04-24 22:43:25] Found      100 objects in S3
[2025-04-24 22:43:25] Analyzing current distribution...
[2025-04-24 22:43:25] Total size of all objects: 54688208 bytes
[2025-04-24 22:43:25] Using specified target prefix count: 16
[2025-04-24 22:43:25] Creating balanced distribution plan...
[2025-04-24 22:43:25] Generated 16 new prefixes
[2025-04-24 22:43:27] Balanced plan created for 100 objects
[2025-04-24 22:43:27] Executing balanced distribution plan...
[2025-04-24 22:43:35] Progress: 0% (0/     100) - Rate: 0 objects/sec - Success:        0 - Failed:        0
[2025-04-24 22:43:35] Progress: 0% (0/     100) - Rate: 0 objects/sec - Success:        0 - Failed:        0
[2025-04-24 22:44:37] S3 prefix balancing completed
[2025-04-24 22:44:37] ----------------------------------------
[2025-04-24 22:44:37] Total time: 00:01:15
[2025-04-24 22:44:37] Total objects processed: 99
[2025-04-24 22:44:37] Successfully balanced:       99
[2025-04-24 22:44:37] Failed to balance:        0
[2025-04-24 22:44:37] Successful objects are listed in: ./s3_prefix_balancer_20250424_224322.log_success
[2025-04-24 22:44:37] ----------------------------------------
[2025-04-24 22:44:37] Verifying new prefix distribution...
[2025-04-24 22:44:39] Found      100 objects in target prefix
[2025-04-24 22:44:39] New prefix distribution:
[2025-04-24 22:44:39]   Prefix: prefix003 - Count: 7 - Percentage: 7.00%
[2025-04-24 22:44:39]   Prefix: prefix002 - Count: 7 - Percentage: 7.00%
[2025-04-24 22:44:39]   Prefix: prefix001 - Count: 7 - Percentage: 7.00%
[2025-04-24 22:44:39]   Prefix: prefix000 - Count: 7 - Percentage: 7.00%
[2025-04-24 22:44:39]   Prefix: prefix015 - Count: 6 - Percentage: 6.00%
[2025-04-24 22:44:39]   Prefix: prefix014 - Count: 6 - Percentage: 6.00%
[2025-04-24 22:44:39]   Prefix: prefix013 - Count: 6 - Percentage: 6.00%
[2025-04-24 22:44:39]   Prefix: prefix012 - Count: 6 - Percentage: 6.00%
[2025-04-24 22:44:39]   Prefix: prefix011 - Count: 6 - Percentage: 6.00%
[2025-04-24 22:44:39]   Prefix: prefix010 - Count: 6 - Percentage: 6.00%
[2025-04-24 22:44:39]   Prefix: prefix009 - Count: 6 - Percentage: 6.00%
[2025-04-24 22:44:39]   Prefix: prefix008 - Count: 6 - Percentage: 6.00%
[2025-04-24 22:44:39]   Prefix: prefix007 - Count: 6 - Percentage: 6.00%
[2025-04-24 22:44:39]   Prefix: prefix006 - Count: 6 - Percentage: 6.00%
[2025-04-24 22:44:39]   Prefix: prefix005 - Count: 6 - Percentage: 6.00%
[2025-04-24 22:44:39]   Prefix: prefix004 - Count: 6 - Percentage: 6.00%
[2025-04-24 22:44:39] New distribution statistics:
[2025-04-24 22:44:39]   Number of prefixes:       16
[2025-04-24 22:44:39]   Maximum objects in a prefix: 7
[2025-04-24 22:44:39]   Minimum objects in a prefix: 6
[2025-04-24 22:44:39]   Imbalance ratio: 1.16:1
[2025-04-24 22:44:39]   Imbalance percentage: 14.28%
[2025-04-24 22:44:39] Balancing operation completed successfully.
[2025-04-24 22:44:40] ----------------------------------------
[2025-04-24 22:44:40] Source: s3://mynextcloudstore/myimages2
[2025-04-24 22:44:40] Target: s3://mynextcloudstore/myimages2_optimized
[2025-04-24 22:44:40] ----------------------------------------
